Start testing: May 09 20:35 PDT
----------------------------------------------------------
1/29 Testing: freeusd_selftest
1/29 Test: freeusd_selftest
Command: "/home/tim/freeusd/build-verify/freeusd_selftest"
Directory: /home/tim/freeusd/build-verify
"freeusd_selftest" start time: May 09 20:35 PDT
Output:
----------------------------------------------------------
<end of output>
Test time =   0.00 sec
----------------------------------------------------------
Test Passed.
"freeusd_selftest" end time: May 09 20:35 PDT
"freeusd_selftest" time elapsed: 00:00:00
----------------------------------------------------------

2/29 Testing: freeusd_sdf_path_test
2/29 Test: freeusd_sdf_path_test
Command: "/home/tim/freeusd/build-verify/freeusd_sdf_path_test"
Directory: /home/tim/freeusd/build-verify
"freeusd_sdf_path_test" start time: May 09 20:35 PDT
Output:
----------------------------------------------------------
<end of output>
Test time =   0.00 sec
----------------------------------------------------------
Test Passed.
"freeusd_sdf_path_test" end time: May 09 20:35 PDT
"freeusd_sdf_path_test" time elapsed: 00:00:00
----------------------------------------------------------

3/29 Testing: freeusd_usd_smoke_test
3/29 Test: freeusd_usd_smoke_test
Command: "/home/tim/freeusd/build-verify/freeusd_usd_smoke_test"
Directory: /home/tim/freeusd/build-verify
"freeusd_usd_smoke_test" start time: May 09 20:35 PDT
Output:
----------------------------------------------------------
<end of output>
Test time =   0.00 sec
----------------------------------------------------------
Test Passed.
"freeusd_usd_smoke_test" end time: May 09 20:35 PDT
"freeusd_usd_smoke_test" time elapsed: 00:00:00
----------------------------------------------------------

4/29 Testing: freeusd_usd_cross_language_test
4/29 Test: freeusd_usd_cross_language_test
Command: "/home/tim/freeusd/build-verify/freeusd_usd_cross_language_test"
Directory: /home/tim/freeusd/build-verify
"freeusd_usd_cross_language_test" start time: May 09 20:35 PDT
Output:
----------------------------------------------------------
<end of output>
Test time =   0.00 sec
----------------------------------------------------------
Test Passed.
"freeusd_usd_cross_language_test" end time: May 09 20:35 PDT
"freeusd_usd_cross_language_test" time elapsed: 00:00:00
----------------------------------------------------------

5/29 Testing: freeusd_usda_roundtrip_test
5/29 Test: freeusd_usda_roundtrip_test
Command: "/home/tim/freeusd/build-verify/freeusd_usda_roundtrip_test"
Directory: /home/tim/freeusd/build-verify
"freeusd_usda_roundtrip_test" start time: May 09 20:35 PDT
Output:
----------------------------------------------------------
<end of output>
Test time =   0.00 sec
----------------------------------------------------------
Test Passed.
"freeusd_usda_roundtrip_test" end time: May 09 20:35 PDT
"freeusd_usda_roundtrip_test" time elapsed: 00:00:00
----------------------------------------------------------

6/29 Testing: freeusd_pcp_compose_test
6/29 Test: freeusd_pcp_compose_test
Command: "/home/tim/freeusd/build-verify/freeusd_pcp_compose_test"
Directory: /home/tim/freeusd/build-verify
"freeusd_pcp_compose_test" start time: May 09 20:35 PDT
Output:
----------------------------------------------------------
<end of output>
Test time =   0.00 sec
----------------------------------------------------------
Test Passed.
"freeusd_pcp_compose_test" end time: May 09 20:35 PDT
"freeusd_pcp_compose_test" time elapsed: 00:00:00
----------------------------------------------------------

7/29 Testing: freeusd_stage_compose_test
7/29 Test: freeusd_stage_compose_test
Command: "/home/tim/freeusd/build-verify/freeusd_stage_compose_test"
Directory: /home/tim/freeusd/build-verify
"freeusd_stage_compose_test" start time: May 09 20:35 PDT
Output:
----------------------------------------------------------
<end of output>
Test time =   0.00 sec
----------------------------------------------------------
Test Passed.
"freeusd_stage_compose_test" end time: May 09 20:35 PDT
"freeusd_stage_compose_test" time elapsed: 00:00:00
----------------------------------------------------------

8/29 Testing: freeusd_stage_open_file_test
8/29 Test: freeusd_stage_open_file_test
Command: "/home/tim/freeusd/build-verify/freeusd_stage_open_file_test"
Directory: /home/tim/freeusd/build-verify
"freeusd_stage_open_file_test" start time: May 09 20:35 PDT
Output:
----------------------------------------------------------
<end of output>
Test time =   0.00 sec
----------------------------------------------------------
Test Passed.
"freeusd_stage_open_file_test" end time: May 09 20:35 PDT
"freeusd_stage_open_file_test" time elapsed: 00:00:00
----------------------------------------------------------

9/29 Testing: freeusd_schema_tokens_bundle_test
9/29 Test: freeusd_schema_tokens_bundle_test
Command: "/home/tim/freeusd/build-verify/freeusd_schema_tokens_bundle_test"
Directory: /home/tim/freeusd/build-verify
"freeusd_schema_tokens_bundle_test" start time: May 09 20:35 PDT
Output:
----------------------------------------------------------
<end of output>
Test time =   0.00 sec
----------------------------------------------------------
Test Passed.
"freeusd_schema_tokens_bundle_test" end time: May 09 20:35 PDT
"freeusd_schema_tokens_bundle_test" time elapsed: 00:00:00
----------------------------------------------------------

10/29 Testing: freeusd_time_code_test
10/29 Test: freeusd_time_code_test
Command: "/home/tim/freeusd/build-verify/freeusd_time_code_test"
Directory: /home/tim/freeusd/build-verify
"freeusd_time_code_test" start time: May 09 20:35 PDT
Output:
----------------------------------------------------------
<end of output>
Test time =   0.00 sec
----------------------------------------------------------
Test Passed.
"freeusd_time_code_test" end time: May 09 20:35 PDT
"freeusd_time_code_test" time elapsed: 00:00:00
----------------------------------------------------------

11/29 Testing: freeusd_edit_target_test
11/29 Test: freeusd_edit_target_test
Command: "/home/tim/freeusd/build-verify/freeusd_edit_target_test"
Directory: /home/tim/freeusd/build-verify
"freeusd_edit_target_test" start time: May 09 20:35 PDT
Output:
----------------------------------------------------------
<end of output>
Test time =   0.00 sec
----------------------------------------------------------
Test Passed.
"freeusd_edit_target_test" end time: May 09 20:35 PDT
"freeusd_edit_target_test" time elapsed: 00:00:00
----------------------------------------------------------

12/29 Testing: freeusd_sdf_layer_offset_test
12/29 Test: freeusd_sdf_layer_offset_test
Command: "/home/tim/freeusd/build-verify/freeusd_sdf_layer_offset_test"
Directory: /home/tim/freeusd/build-verify
"freeusd_sdf_layer_offset_test" start time: May 09 20:35 PDT
Output:
----------------------------------------------------------
<end of output>
Test time =   0.00 sec
----------------------------------------------------------
Test Passed.
"freeusd_sdf_layer_offset_test" end time: May 09 20:35 PDT
"freeusd_sdf_layer_offset_test" time elapsed: 00:00:00
----------------------------------------------------------

13/29 Testing: freeusd_sdf_asset_path_test
13/29 Test: freeusd_sdf_asset_path_test
Command: "/home/tim/freeusd/build-verify/freeusd_sdf_asset_path_test"
Directory: /home/tim/freeusd/build-verify
"freeusd_sdf_asset_path_test" start time: May 09 20:35 PDT
Output:
----------------------------------------------------------
<end of output>
Test time =   0.00 sec
----------------------------------------------------------
Test Passed.
"freeusd_sdf_asset_path_test" end time: May 09 20:35 PDT
"freeusd_sdf_asset_path_test" time elapsed: 00:00:00
----------------------------------------------------------

14/29 Testing: freeusd_gf_range1d_test
14/29 Test: freeusd_gf_range1d_test
Command: "/home/tim/freeusd/build-verify/freeusd_gf_range1d_test"
Directory: /home/tim/freeusd/build-verify
"freeusd_gf_range1d_test" start time: May 09 20:35 PDT
Output:
----------------------------------------------------------
<end of output>
Test time =   0.00 sec
----------------------------------------------------------
Test Passed.
"freeusd_gf_range1d_test" end time: May 09 20:35 PDT
"freeusd_gf_range1d_test" time elapsed: 00:00:00
----------------------------------------------------------

15/29 Testing: freeusd_gf_quatd_test
15/29 Test: freeusd_gf_quatd_test
Command: "/home/tim/freeusd/build-verify/freeusd_gf_quatd_test"
Directory: /home/tim/freeusd/build-verify
"freeusd_gf_quatd_test" start time: May 09 20:35 PDT
Output:
----------------------------------------------------------
<end of output>
Test time =   0.00 sec
----------------------------------------------------------
Test Passed.
"freeusd_gf_quatd_test" end time: May 09 20:35 PDT
"freeusd_gf_quatd_test" time elapsed: 00:00:00
----------------------------------------------------------

16/29 Testing: freeusd_gf_bbox3d_test
16/29 Test: freeusd_gf_bbox3d_test
Command: "/home/tim/freeusd/build-verify/freeusd_gf_bbox3d_test"
Directory: /home/tim/freeusd/build-verify
"freeusd_gf_bbox3d_test" start time: May 09 20:35 PDT
Output:
----------------------------------------------------------
<end of output>
Test time =   0.00 sec
----------------------------------------------------------
Test Passed.
"freeusd_gf_bbox3d_test" end time: May 09 20:35 PDT
"freeusd_gf_bbox3d_test" time elapsed: 00:00:00
----------------------------------------------------------

17/29 Testing: freeusd_ar_resolved_path_test
17/29 Test: freeusd_ar_resolved_path_test
Command: "/home/tim/freeusd/build-verify/freeusd_ar_resolved_path_test"
Directory: /home/tim/freeusd/build-verify
"freeusd_ar_resolved_path_test" start time: May 09 20:35 PDT
Output:
----------------------------------------------------------
<end of output>
Test time =   0.00 sec
----------------------------------------------------------
Test Passed.
"freeusd_ar_resolved_path_test" end time: May 09 20:35 PDT
"freeusd_ar_resolved_path_test" time elapsed: 00:00:00
----------------------------------------------------------

18/29 Testing: freeusd_sdf_tokens_test
18/29 Test: freeusd_sdf_tokens_test
Command: "/home/tim/freeusd/build-verify/freeusd_sdf_tokens_test"
Directory: /home/tim/freeusd/build-verify
"freeusd_sdf_tokens_test" start time: May 09 20:35 PDT
Output:
----------------------------------------------------------
<end of output>
Test time =   0.00 sec
----------------------------------------------------------
Test Passed.
"freeusd_sdf_tokens_test" end time: May 09 20:35 PDT
"freeusd_sdf_tokens_test" time elapsed: 00:00:00
----------------------------------------------------------

19/29 Testing: freeusd_usd_tokens_test
19/29 Test: freeusd_usd_tokens_test
Command: "/home/tim/freeusd/build-verify/freeusd_usd_tokens_test"
Directory: /home/tim/freeusd/build-verify
"freeusd_usd_tokens_test" start time: May 09 20:35 PDT
Output:
----------------------------------------------------------
<end of output>
Test time =   0.00 sec
----------------------------------------------------------
Test Passed.
"freeusd_usd_tokens_test" end time: May 09 20:35 PDT
"freeusd_usd_tokens_test" time elapsed: 00:00:00
----------------------------------------------------------

20/29 Testing: freeusd_c_smoke_test
20/29 Test: freeusd_c_smoke_test
Command: "/home/tim/freeusd/build-verify/freeusd_c_smoke_test"
Directory: /home/tim/freeusd/build-verify
"freeusd_c_smoke_test" start time: May 09 20:35 PDT
Output:
----------------------------------------------------------
<end of output>
Test time =   0.00 sec
----------------------------------------------------------
Test Passed.
"freeusd_c_smoke_test" end time: May 09 20:35 PDT
"freeusd_c_smoke_test" time elapsed: 00:00:00
----------------------------------------------------------

21/29 Testing: freeusd_c_usd_cross_language
21/29 Test: freeusd_c_usd_cross_language
Command: "/home/tim/freeusd/build-verify/freeusd_c_usd_cross_language"
Directory: /home/tim/freeusd/build-verify
"freeusd_c_usd_cross_language" start time: May 09 20:35 PDT
Output:
----------------------------------------------------------
<end of output>
Test time =   0.00 sec
----------------------------------------------------------
Test Passed.
"freeusd_c_usd_cross_language" end time: May 09 20:35 PDT
"freeusd_c_usd_cross_language" time elapsed: 00:00:00
----------------------------------------------------------

22/29 Testing: freeusd_c_stage_composition_arcs
22/29 Test: freeusd_c_stage_composition_arcs
Command: "/home/tim/freeusd/build-verify/freeusd_c_stage_composition_arcs"
Directory: /home/tim/freeusd/build-verify
"freeusd_c_stage_composition_arcs" start time: May 09 20:35 PDT
Output:
----------------------------------------------------------
<end of output>
Test time =   0.00 sec
----------------------------------------------------------
Test Passed.
"freeusd_c_stage_composition_arcs" end time: May 09 20:35 PDT
"freeusd_c_stage_composition_arcs" time elapsed: 00:00:00
----------------------------------------------------------

23/29 Testing: freeusd_c_stage_open_from_file
23/29 Test: freeusd_c_stage_open_from_file
Command: "/home/tim/freeusd/build-verify/freeusd_c_stage_open_from_file"
Directory: /home/tim/freeusd/build-verify
"freeusd_c_stage_open_from_file" start time: May 09 20:35 PDT
Output:
----------------------------------------------------------
<end of output>
Test time =   0.00 sec
----------------------------------------------------------
Test Passed.
"freeusd_c_stage_open_from_file" end time: May 09 20:35 PDT
"freeusd_c_stage_open_from_file" time elapsed: 00:00:00
----------------------------------------------------------

24/29 Testing: freeusd_c_stage_relocate
24/29 Test: freeusd_c_stage_relocate
Command: "/home/tim/freeusd/build-verify/freeusd_c_stage_relocate"
Directory: /home/tim/freeusd/build-verify
"freeusd_c_stage_relocate" start time: May 09 20:35 PDT
Output:
----------------------------------------------------------
<end of output>
Test time =   0.00 sec
----------------------------------------------------------
Test Passed.
"freeusd_c_stage_relocate" end time: May 09 20:35 PDT
"freeusd_c_stage_relocate" time elapsed: 00:00:00
----------------------------------------------------------

25/29 Testing: freeusd_c_stage_prefix_substitution
25/29 Test: freeusd_c_stage_prefix_substitution
Command: "/home/tim/freeusd/build-verify/freeusd_c_stage_prefix_substitution"
Directory: /home/tim/freeusd/build-verify
"freeusd_c_stage_prefix_substitution" start time: May 09 20:35 PDT
Output:
----------------------------------------------------------
<end of output>
Test time =   0.00 sec
----------------------------------------------------------
Test Passed.
"freeusd_c_stage_prefix_substitution" end time: May 09 20:35 PDT
"freeusd_c_stage_prefix_substitution" time elapsed: 00:00:00
----------------------------------------------------------

26/29 Testing: freeusd_c_stage_custom_layer_data
26/29 Test: freeusd_c_stage_custom_layer_data
Command: "/home/tim/freeusd/build-verify/freeusd_c_stage_custom_layer_data"
Directory: /home/tim/freeusd/build-verify
"freeusd_c_stage_custom_layer_data" start time: May 09 20:35 PDT
Output:
----------------------------------------------------------
<end of output>
Test time =   0.00 sec
----------------------------------------------------------
Test Passed.
"freeusd_c_stage_custom_layer_data" end time: May 09 20:35 PDT
"freeusd_c_stage_custom_layer_data" time elapsed: 00:00:00
----------------------------------------------------------

27/29 Testing: freeusd_c_stage_variant
27/29 Test: freeusd_c_stage_variant
Command: "/home/tim/freeusd/build-verify/freeusd_c_stage_variant"
Directory: /home/tim/freeusd/build-verify
"freeusd_c_stage_variant" start time: May 09 20:35 PDT
Output:
----------------------------------------------------------
<end of output>
Test time =   0.00 sec
----------------------------------------------------------
Test Passed.
"freeusd_c_stage_variant" end time: May 09 20:35 PDT
"freeusd_c_stage_variant" time elapsed: 00:00:00
----------------------------------------------------------

28/29 Testing: freeusd_c_stage_prim_specifier
28/29 Test: freeusd_c_stage_prim_specifier
Command: "/home/tim/freeusd/build-verify/freeusd_c_stage_prim_specifier"
Directory: /home/tim/freeusd/build-verify
"freeusd_c_stage_prim_specifier" start time: May 09 20:35 PDT
Output:
----------------------------------------------------------
<end of output>
Test time =   0.00 sec
----------------------------------------------------------
Test Passed.
"freeusd_c_stage_prim_specifier" end time: May 09 20:35 PDT
"freeusd_c_stage_prim_specifier" time elapsed: 00:00:00
----------------------------------------------------------

29/29 Testing: freeusd_c_stage_layer_hints
29/29 Test: freeusd_c_stage_layer_hints
Command: "/home/tim/freeusd/build-verify/freeusd_c_stage_layer_hints"
Directory: /home/tim/freeusd/build-verify
"freeusd_c_stage_layer_hints" start time: May 09 20:35 PDT
Output:
----------------------------------------------------------
<end of output>
Test time =   0.00 sec
----------------------------------------------------------
Test Passed.
"freeusd_c_stage_layer_hints" end time: May 09 20:35 PDT
"freeusd_c_stage_layer_hints" time elapsed: 00:00:00
----------------------------------------------------------

End testing: May 09 20:35 PDT
